app/build/intermediates/manifest_merge_blame_file/debug/manifest-merger-blame-debug-report.txt
1<?xml version="1.0" encoding="utf-8"?>
2<manifest xmlns:android="http://schemas.android.com/apk/res/android"
3    package="io.github.z3r0c00l_2k.aquadroid"
4    android:versionCode="5"
5    android:versionName="1.3" >
6
7    <uses-sdk
8        android:minSdkVersion="21"
8-->src\main\AndroidManifest.xml
9        android:targetSdkVersion="30" />
9-->src\main\AndroidManifest.xml
10
11    <uses-permission android:name="android.permission.VIBRATE" />
11-->src\main\AndroidManifest.xml:6:5-65
11-->src\main\AndroidManifest.xml:6:22-63
12    <uses-permission android:name="android.permission.RECEIVE_BOOT_COMPLETED" />
12-->src\main\AndroidManifest.xml:7:5-80
12-->src\main\AndroidManifest.xml:7:22-78
13
14    <application
14-->src\main\AndroidManifest.xml:9:5-45:19
15        android:allowBackup="true"
15-->src\main\AndroidManifest.xml:10:13-39
16        android:appComponentFactory="androidx.core.app.CoreComponentFactory"
16-->[androidx.core:core:1.2.0] AndroidManifest.xml:24:18-86
17        android:debuggable="true"
18        android:label="@string/app_name"
18-->src\main\AndroidManifest.xml:12:13-45
19        android:roundIcon="@mipmap/ic_launcher_round"
19-->src\main\AndroidManifest.xml:13:13-58
20        android:supportsRtl="true"
20-->src\main\AndroidManifest.xml:14:13-39
21        android:testOnly="true"
22        android:theme="@style/AppTheme" >
22-->src\main\AndroidManifest.xml:15:13-44
23        <activity
23-->src\main\AndroidManifest.xml:17:9-19:20
24            android:name="aqualert.WalkThroughActivity"
24-->src\main\AndroidManifest.xml:17:19-62
25            android:screenOrientation="portrait" >
25-->src\main\AndroidManifest.xml:18:19-55
26        </activity>
27        <activity
27-->src\main\AndroidManifest.xml:20:9-24:20
28            android:name="aqualert.StatsActivity"
28-->src\main\AndroidManifest.xml:21:17-54
29            android:screenOrientation="portrait"
29-->src\main\AndroidManifest.xml:23:17-53
30            android:theme="@style/MainTheme" >
30-->src\main\AndroidManifest.xml:22:17-49
31        </activity>
32        <activity
32-->src\main\AndroidManifest.xml:25:9-27:20
33            android:name="aqualert.InitUserInfoActivity"
33-->src\main\AndroidManifest.xml:25:19-63
34            android:screenOrientation="portrait" >
34-->src\main\AndroidManifest.xml:26:19-55
35        </activity>
36        <activity
36-->src\main\AndroidManifest.xml:28:9-37:20
37            android:name="aqualert.MainActivity"
37-->src\main\AndroidManifest.xml:29:17-53
38            android:screenOrientation="portrait"
38-->src\main\AndroidManifest.xml:31:17-53
39            android:theme="@style/MainTheme" >
39-->src\main\AndroidManifest.xml:30:17-49
40            <intent-filter>
40-->src\main\AndroidManifest.xml:32:13-36:29
41                <action android:name="android.intent.action.MAIN" />
41-->src\main\AndroidManifest.xml:33:17-68
41-->src\main\AndroidManifest.xml:33:25-66
42
43                <category android:name="android.intent.category.LAUNCHER" />
43-->src\main\AndroidManifest.xml:35:17-76
43-->src\main\AndroidManifest.xml:35:27-74
44            </intent-filter>
45        </activity>
46
47        <receiver android:name="aqualert.recievers.NotifierReceiver" />
47-->src\main\AndroidManifest.xml:39:9-71
47-->src\main\AndroidManifest.xml:39:19-69
48        <receiver android:name="aqualert.recievers.BootReceiver" >
48-->src\main\AndroidManifest.xml:40:9-44:20
48-->src\main\AndroidManifest.xml:40:19-65
49            <intent-filter>
49-->src\main\AndroidManifest.xml:41:13-43:29
50                <action android:name="android.intent.action.BOOT_COMPLETED" />
50-->src\main\AndroidManifest.xml:42:17-78
50-->src\main\AndroidManifest.xml:42:25-76
51            </intent-filter>
52        </receiver>
53    </application>
54
55</manifest>